<?xml version="1.0" encoding="UTF-8"?>
<coverage generated="1538265581">
  <project timestamp="1538265581">
    <package name="ApiBundle">
      <file name="/home/rsilveira/application/src/ApiBundle/ApiBundle.php">
        <class name="ApiBundle" namespace="ApiBundle">
          <metrics complexity="0" methods="0" coveredmethods="0" conditionals="0" coveredconditionals="0" statements="0" coveredstatements="0" elements="0" coveredelements="0"/>
        </class>
        <metrics loc="9" ncloc="9" classes="0" methods="0" coveredmethods="0" conditionals="0" coveredconditionals="0" statements="0" coveredstatements="0" elements="0" coveredelements="0"/>
      </file>
    </package>
    <package name="ApiBundle\Controller">
      <file name="/home/rsilveira/application/src/ApiBundle/Controller/AbstractController.php">
        <class name="AbstractController" namespace="ApiBundle\Controller" fullPackage="ApiBundle" package="ApiBundle">
          <metrics complexity="5" methods="2" coveredmethods="0" conditionals="0" coveredconditionals="0" statements="16" coveredstatements="0" elements="18" coveredelements="0"/>
        </class>
        <line num="23" type="method" name="createResponse" visibility="protected" complexity="4" crap="20" count="0"/>
        <line num="25" type="stmt" count="0"/>
        <line num="26" type="stmt" count="0"/>
        <line num="28" type="stmt" count="0"/>
        <line num="30" type="stmt" count="0"/>
        <line num="31" type="stmt" count="0"/>
        <line num="32" type="stmt" count="0"/>
        <line num="33" type="stmt" count="0"/>
        <line num="34" type="stmt" count="0"/>
        <line num="36" type="stmt" count="0"/>
        <line num="40" type="stmt" count="0"/>
        <line num="41" type="stmt" count="0"/>
        <line num="42" type="stmt" count="0"/>
        <line num="43" type="stmt" count="0"/>
        <line num="50" type="method" name="getCallRepository" visibility="protected" complexity="1" crap="2" count="0"/>
        <line num="53" type="stmt" count="0"/>
        <line num="54" type="stmt" count="0"/>
        <line num="55" type="stmt" count="0"/>
        <metrics loc="56" ncloc="43" classes="1" methods="2" coveredmethods="0" conditionals="0" coveredconditionals="0" statements="16" coveredstatements="0" elements="18" coveredelements="0"/>
      </file>
      <file name="/home/rsilveira/application/src/ApiBundle/Controller/ApiController.php">
        <class name="ApiController" namespace="ApiBundle\Controller" fullPackage="ApiBundle" package="ApiBundle">
          <metrics complexity="3" methods="1" coveredmethods="0" conditionals="0" coveredconditionals="0" statements="22" coveredstatements="20" elements="23" coveredelements="20"/>
        </class>
        <line num="36" type="method" name="calculateAction" visibility="public" complexity="3" crap="3.01" count="1"/>
        <line num="41" type="stmt" count="1"/>
        <line num="42" type="stmt" count="1"/>
        <line num="44" type="stmt" count="1"/>
        <line num="45" type="stmt" count="1"/>
        <line num="47" type="stmt" count="1"/>
        <line num="48" type="stmt" count="1"/>
        <line num="49" type="stmt" count="1"/>
        <line num="50" type="stmt" count="1"/>
        <line num="51" type="stmt" count="1"/>
        <line num="52" type="stmt" count="1"/>
        <line num="54" type="stmt" count="1"/>
        <line num="58" type="stmt" count="1"/>
        <line num="60" type="stmt" count="1"/>
        <line num="63" type="stmt" count="1"/>
        <line num="64" type="stmt" count="1"/>
        <line num="67" type="stmt" count="1"/>
        <line num="68" type="stmt" count="1"/>
        <line num="71" type="stmt" count="1"/>
        <line num="72" type="stmt" count="1"/>
        <line num="74" type="stmt" count="1"/>
        <line num="76" type="stmt" count="0"/>
        <line num="77" type="stmt" count="0"/>
        <metrics loc="79" ncloc="60" classes="1" methods="1" coveredmethods="0" conditionals="0" coveredconditionals="0" statements="22" coveredstatements="20" elements="23" coveredelements="20"/>
      </file>
    </package>
    <package name="GameBundle\DataFixtures\ORM">
      <file name="/home/rsilveira/application/src/ApiBundle/DataFixtures/ORM/LoadCallData.php">
        <class name="LoadCallData" namespace="GameBundle\DataFixtures\ORM" fullPackage="ApiBundle" package="ApiBundle">
          <metrics complexity="4" methods="3" coveredmethods="0" conditionals="0" coveredconditionals="0" statements="17" coveredstatements="0" elements="20" coveredelements="0"/>
        </class>
        <line num="31" type="method" name="load" visibility="public" complexity="2" crap="6" count="0"/>
        <line num="32" type="stmt" count="0"/>
        <line num="33" type="stmt" count="0"/>
        <line num="34" type="stmt" count="0"/>
        <line num="35" type="stmt" count="0"/>
        <line num="36" type="stmt" count="0"/>
        <line num="37" type="stmt" count="0"/>
        <line num="38" type="stmt" count="0"/>
        <line num="40" type="stmt" count="0"/>
        <line num="41" type="stmt" count="0"/>
        <line num="43" type="stmt" count="0"/>
        <line num="44" type="stmt" count="0"/>
        <line num="51" type="method" name="findCityCodeByCode" visibility="private" complexity="1" crap="2" count="0"/>
        <line num="52" type="stmt" count="0"/>
        <line num="53" type="stmt" count="0"/>
        <line num="54" type="stmt" count="0"/>
        <line num="61" type="method" name="getOrder" visibility="public" complexity="1" crap="2" count="0"/>
        <line num="62" type="stmt" count="0"/>
        <line num="63" type="stmt" count="0"/>
        <line num="64" type="stmt" count="0"/>
        <metrics loc="64" ncloc="45" classes="1" methods="3" coveredmethods="0" conditionals="0" coveredconditionals="0" statements="17" coveredstatements="0" elements="20" coveredelements="0"/>
      </file>
      <file name="/home/rsilveira/application/src/ApiBundle/DataFixtures/ORM/LoadCityCodeData.php">
        <class name="LoadCityCodeData" namespace="GameBundle\DataFixtures\ORM" fullPackage="ApiBundle" package="ApiBundle">
          <metrics complexity="3" methods="2" coveredmethods="0" conditionals="0" coveredconditionals="0" statements="11" coveredstatements="0" elements="13" coveredelements="0"/>
        </class>
        <line num="29" type="method" name="load" visibility="public" complexity="2" crap="6" count="0"/>
        <line num="30" type="stmt" count="0"/>
        <line num="31" type="stmt" count="0"/>
        <line num="32" type="stmt" count="0"/>
        <line num="33" type="stmt" count="0"/>
        <line num="35" type="stmt" count="0"/>
        <line num="36" type="stmt" count="0"/>
        <line num="38" type="stmt" count="0"/>
        <line num="39" type="stmt" count="0"/>
        <line num="46" type="method" name="getOrder" visibility="public" complexity="1" crap="2" count="0"/>
        <line num="47" type="stmt" count="0"/>
        <line num="48" type="stmt" count="0"/>
        <line num="49" type="stmt" count="0"/>
        <metrics loc="50" ncloc="30" classes="1" methods="2" coveredmethods="0" conditionals="0" coveredconditionals="0" statements="11" coveredstatements="0" elements="13" coveredelements="0"/>
      </file>
      <file name="/home/rsilveira/application/src/ApiBundle/DataFixtures/ORM/LoadPlanData.php">
        <class name="LoadPlanData" namespace="GameBundle\DataFixtures\ORM" fullPackage="ApiBundle" package="ApiBundle">
          <metrics complexity="3" methods="2" coveredmethods="0" conditionals="0" coveredconditionals="0" statements="13" coveredstatements="0" elements="15" coveredelements="0"/>
        </class>
        <line num="27" type="method" name="load" visibility="public" complexity="2" crap="6" count="0"/>
        <line num="28" type="stmt" count="0"/>
        <line num="29" type="stmt" count="0"/>
        <line num="30" type="stmt" count="0"/>
        <line num="31" type="stmt" count="0"/>
        <line num="32" type="stmt" count="0"/>
        <line num="33" type="stmt" count="0"/>
        <line num="35" type="stmt" count="0"/>
        <line num="36" type="stmt" count="0"/>
        <line num="38" type="stmt" count="0"/>
        <line num="39" type="stmt" count="0"/>
        <line num="46" type="method" name="getOrder" visibility="public" complexity="1" crap="2" count="0"/>
        <line num="47" type="stmt" count="0"/>
        <line num="48" type="stmt" count="0"/>
        <line num="49" type="stmt" count="0"/>
        <metrics loc="49" ncloc="35" classes="1" methods="2" coveredmethods="0" conditionals="0" coveredconditionals="0" statements="13" coveredstatements="0" elements="15" coveredelements="0"/>
      </file>
    </package>
    <package name="ApiBundle\Entity">
      <file name="/home/rsilveira/application/src/ApiBundle/Entity/Call.php">
        <class name="Call" namespace="ApiBundle\Entity">
          <metrics complexity="15" methods="15" coveredmethods="15" conditionals="0" coveredconditionals="0" statements="22" coveredstatements="22" elements="37" coveredelements="37"/>
        </class>
        <line num="82" type="method" name="getId" visibility="public" complexity="1" crap="1" count="1"/>
        <line num="84" type="stmt" count="1"/>
        <line num="94" type="method" name="setOrigin" visibility="public" complexity="1" crap="1" count="1"/>
        <line num="96" type="stmt" count="1"/>
        <line num="98" type="stmt" count="1"/>
        <line num="106" type="method" name="getOrigin" visibility="public" complexity="1" crap="1" count="1"/>
        <line num="108" type="stmt" count="1"/>
        <line num="118" type="method" name="setDestination" visibility="public" complexity="1" crap="1" count="1"/>
        <line num="120" type="stmt" count="1"/>
        <line num="122" type="stmt" count="1"/>
        <line num="130" type="method" name="getDestination" visibility="public" complexity="1" crap="1" count="1"/>
        <line num="132" type="stmt" count="1"/>
        <line num="142" type="method" name="setRate" visibility="public" complexity="1" crap="1" count="1"/>
        <line num="144" type="stmt" count="1"/>
        <line num="146" type="stmt" count="1"/>
        <line num="154" type="method" name="getRate" visibility="public" complexity="1" crap="1" count="1"/>
        <line num="156" type="stmt" count="1"/>
        <line num="166" type="method" name="setTime" visibility="public" complexity="1" crap="1" count="1"/>
        <line num="168" type="stmt" count="1"/>
        <line num="170" type="stmt" count="1"/>
        <line num="178" type="method" name="getTime" visibility="public" complexity="1" crap="1" count="1"/>
        <line num="180" type="stmt" count="1"/>
        <line num="190" type="method" name="setRateCost" visibility="public" complexity="1" crap="1" count="1"/>
        <line num="192" type="stmt" count="1"/>
        <line num="194" type="stmt" count="1"/>
        <line num="202" type="method" name="getRateCost" visibility="public" complexity="1" crap="1" count="1"/>
        <line num="204" type="stmt" count="1"/>
        <line num="214" type="method" name="setPlanRateCost" visibility="public" complexity="1" crap="1" count="1"/>
        <line num="216" type="stmt" count="1"/>
        <line num="218" type="stmt" count="1"/>
        <line num="226" type="method" name="getPlanRateCost" visibility="public" complexity="1" crap="1" count="1"/>
        <line num="228" type="stmt" count="1"/>
        <line num="238" type="method" name="setPlan" visibility="public" complexity="1" crap="1" count="1"/>
        <line num="240" type="stmt" count="1"/>
        <line num="242" type="stmt" count="1"/>
        <line num="250" type="method" name="getPlan" visibility="public" complexity="1" crap="1" count="1"/>
        <line num="252" type="stmt" count="1"/>
        <metrics loc="255" ncloc="115" classes="1" methods="15" coveredmethods="15" conditionals="0" coveredconditionals="0" statements="22" coveredstatements="22" elements="37" coveredelements="37"/>
      </file>
      <file name="/home/rsilveira/application/src/ApiBundle/Entity/CityCode.php">
        <class name="CityCode" namespace="ApiBundle\Entity">
          <metrics complexity="3" methods="3" coveredmethods="3" conditionals="0" coveredconditionals="0" statements="4" coveredstatements="4" elements="7" coveredelements="7"/>
        </class>
        <line num="40" type="method" name="getId" visibility="public" complexity="1" crap="1" count="1"/>
        <line num="42" type="stmt" count="1"/>
        <line num="52" type="method" name="setCode" visibility="public" complexity="1" crap="1" count="1"/>
        <line num="54" type="stmt" count="1"/>
        <line num="56" type="stmt" count="1"/>
        <line num="64" type="method" name="getCode" visibility="public" complexity="1" crap="1" count="1"/>
        <line num="66" type="stmt" count="1"/>
        <metrics loc="68" ncloc="29" classes="1" methods="3" coveredmethods="3" conditionals="0" coveredconditionals="0" statements="4" coveredstatements="4" elements="7" coveredelements="7"/>
      </file>
      <file name="/home/rsilveira/application/src/ApiBundle/Entity/Plan.php">
        <class name="Plan" namespace="ApiBundle\Entity">
          <metrics complexity="5" methods="5" coveredmethods="5" conditionals="0" coveredconditionals="0" statements="7" coveredstatements="7" elements="12" coveredelements="12"/>
        </class>
        <line num="41" type="method" name="getId" visibility="public" complexity="1" crap="1" count="1"/>
        <line num="43" type="stmt" count="1"/>
        <line num="53" type="method" name="setName" visibility="public" complexity="1" crap="1" count="1"/>
        <line num="55" type="stmt" count="1"/>
        <line num="57" type="stmt" count="1"/>
        <line num="65" type="method" name="getName" visibility="public" complexity="1" crap="1" count="1"/>
        <line num="67" type="stmt" count="1"/>
        <line num="77" type="method" name="setTime" visibility="public" complexity="1" crap="1" count="1"/>
        <line num="79" type="stmt" count="1"/>
        <line num="81" type="stmt" count="1"/>
        <line num="89" type="method" name="getTime" visibility="public" complexity="1" crap="1" count="1"/>
        <line num="91" type="stmt" count="1"/>
        <metrics loc="94" ncloc="44" classes="1" methods="5" coveredmethods="5" conditionals="0" coveredconditionals="0" statements="7" coveredstatements="7" elements="12" coveredelements="12"/>
      </file>
    </package>
    <package name="ApiBundle\Repository">
      <file name="/home/rsilveira/application/src/ApiBundle/Repository/CallRepository.php">
        <class name="CallRepository" namespace="ApiBundle\Repository" fullPackage="ApiBundle" package="ApiBundle">
          <metrics complexity="1" methods="1" coveredmethods="1" conditionals="0" coveredconditionals="0" statements="3" coveredstatements="3" elements="4" coveredelements="4"/>
        </class>
        <line num="21" type="method" name="findByOriginAndDestination" visibility="public" complexity="1" crap="1" count="1"/>
        <line num="24" type="stmt" count="1"/>
        <line num="25" type="stmt" count="1"/>
        <line num="26" type="stmt" count="1"/>
        <metrics loc="27" ncloc="17" classes="1" methods="1" coveredmethods="1" conditionals="0" coveredconditionals="0" statements="3" coveredstatements="3" elements="4" coveredelements="4"/>
      </file>
      <file name="/home/rsilveira/application/src/ApiBundle/Repository/CityCodeRepository.php">
        <class name="CityCodeRepository" namespace="ApiBundle\Repository" fullPackage="ApiBundle" package="ApiBundle">
          <metrics complexity="0" methods="0" coveredmethods="0" conditionals="0" coveredconditionals="0" statements="0" coveredstatements="0" elements="0" coveredelements="0"/>
        </class>
        <metrics loc="20" ncloc="9" classes="0" methods="0" coveredmethods="0" conditionals="0" coveredconditionals="0" statements="0" coveredstatements="0" elements="0" coveredelements="0"/>
      </file>
      <file name="/home/rsilveira/application/src/ApiBundle/Repository/PlanRepository.php">
        <class name="PlanRepository" namespace="ApiBundle\Repository" fullPackage="ApiBundle" package="ApiBundle">
          <metrics complexity="0" methods="0" coveredmethods="0" conditionals="0" coveredconditionals="0" statements="0" coveredstatements="0" elements="0" coveredelements="0"/>
        </class>
        <metrics loc="14" ncloc="9" classes="0" methods="0" coveredmethods="0" conditionals="0" coveredconditionals="0" statements="0" coveredstatements="0" elements="0" coveredelements="0"/>
      </file>
    </package>
    <package name="ApiBundle\Service\Normalize">
      <file name="/home/rsilveira/application/src/ApiBundle/Service/Normalize/CallNormalizer.php">
        <class name="CallNormalizer" namespace="ApiBundle\Service\Normalize" fullPackage="ApiBundle" package="ApiBundle">
          <metrics complexity="2" methods="2" coveredmethods="2" conditionals="0" coveredconditionals="0" statements="5" coveredstatements="5" elements="7" coveredelements="7"/>
        </class>
        <line num="18" type="method" name="__construct" visibility="public" complexity="1" crap="1" count="1"/>
        <line num="20" type="stmt" count="1"/>
        <line num="21" type="stmt" count="1"/>
        <line num="23" type="stmt" count="1"/>
        <line num="24" type="stmt" count="1"/>
        <line num="26" type="method" name="normalize" visibility="public" complexity="1" crap="1" count="1"/>
        <line num="28" type="stmt" count="1"/>
        <metrics loc="29" ncloc="24" classes="1" methods="2" coveredmethods="2" conditionals="0" coveredconditionals="0" statements="5" coveredstatements="5" elements="7" coveredelements="7"/>
      </file>
    </package>
    <package name="ApiBundle\Service\Strategy">
      <file name="/home/rsilveira/application/src/ApiBundle/Service/Strategy/PlanRateCalculation.php">
        <class name="PlanRateCalculation" namespace="ApiBundle\Service\Strategy" fullPackage="ApiBundle" package="ApiBundle">
          <metrics complexity="3" methods="2" coveredmethods="2" conditionals="0" coveredconditionals="0" statements="9" coveredstatements="9" elements="11" coveredelements="11"/>
        </class>
        <line num="25" type="method" name="calculate" visibility="public" complexity="2" crap="2" count="1"/>
        <line num="27" type="stmt" count="1"/>
        <line num="29" type="stmt" count="1"/>
        <line num="31" type="stmt" count="1"/>
        <line num="32" type="stmt" count="1"/>
        <line num="33" type="stmt" count="1"/>
        <line num="35" type="stmt" count="1"/>
        <line num="38" type="stmt" count="1"/>
        <line num="45" type="method" name="setCall" visibility="public" complexity="1" crap="1" count="2"/>
        <line num="47" type="stmt" count="2"/>
        <line num="49" type="stmt" count="2"/>
        <metrics loc="50" ncloc="34" classes="1" methods="2" coveredmethods="2" conditionals="0" coveredconditionals="0" statements="9" coveredstatements="9" elements="11" coveredelements="11"/>
      </file>
      <file name="/home/rsilveira/application/src/ApiBundle/Service/Strategy/RateCalculation.php">
        <class name="RateCalculation" namespace="ApiBundle\Service\Strategy" fullPackage="ApiBundle" package="ApiBundle">
          <metrics complexity="2" methods="2" coveredmethods="2" conditionals="0" coveredconditionals="0" statements="7" coveredstatements="7" elements="9" coveredelements="9"/>
        </class>
        <line num="26" type="method" name="calculate" visibility="public" complexity="1" crap="1" count="1"/>
        <line num="28" type="stmt" count="1"/>
        <line num="29" type="stmt" count="1"/>
        <line num="30" type="stmt" count="1"/>
        <line num="31" type="stmt" count="1"/>
        <line num="32" type="stmt" count="1"/>
        <line num="41" type="method" name="setCall" visibility="public" complexity="1" crap="1" count="2"/>
        <line num="43" type="stmt" count="2"/>
        <line num="45" type="stmt" count="2"/>
        <metrics loc="46" ncloc="27" classes="1" methods="2" coveredmethods="2" conditionals="0" coveredconditionals="0" statements="7" coveredstatements="7" elements="9" coveredelements="9"/>
      </file>
    </package>
    <file name="/home/rsilveira/application/src/ApiBundle/Service/Strategy/RateCalculationInterface.php">
      <metrics loc="22" ncloc="11" classes="0" methods="0" coveredmethods="0" conditionals="0" coveredconditionals="0" statements="0" coveredstatements="0" elements="0" coveredelements="0"/>
    </file>
    <package name="AppBundle">
      <file name="/home/rsilveira/application/src/AppBundle/AppBundle.php">
        <class name="AppBundle" namespace="AppBundle">
          <metrics complexity="0" methods="0" coveredmethods="0" conditionals="0" coveredconditionals="0" statements="0" coveredstatements="0" elements="0" coveredelements="0"/>
        </class>
        <metrics loc="9" ncloc="9" classes="0" methods="0" coveredmethods="0" conditionals="0" coveredconditionals="0" statements="0" coveredstatements="0" elements="0" coveredelements="0"/>
      </file>
    </package>
    <package name="AppBundle\Controller">
      <file name="/home/rsilveira/application/src/AppBundle/Controller/AppController.php">
        <class name="AppController" namespace="AppBundle\Controller">
          <metrics complexity="1" methods="1" coveredmethods="1" conditionals="0" coveredconditionals="0" statements="3" coveredstatements="3" elements="4" coveredelements="4"/>
        </class>
        <line num="19" type="method" name="indexAction" visibility="public" complexity="1" crap="1" count="1"/>
        <line num="21" type="stmt" count="1"/>
        <line num="22" type="stmt" count="1"/>
        <line num="24" type="stmt" count="1"/>
        <metrics loc="26" ncloc="20" classes="1" methods="1" coveredmethods="1" conditionals="0" coveredconditionals="0" statements="3" coveredstatements="3" elements="4" coveredelements="4"/>
      </file>
    </package>
    <metrics files="18" loc="967" ncloc="570" classes="13" methods="41" coveredmethods="31" conditionals="0" coveredconditionals="0" statements="139" coveredstatements="80" elements="180" coveredelements="111"/>
  </project>
</coverage>
